Analysis & Elaboration report for R_Archi
Wed Nov 13 16:32:17 2024
Quartus Prime Version 22.1std.0 Build 915 10/25/2022 SC Lite Edition


---------------------
; Table of Contents ;
---------------------
  1. Legal Notice
  2. Analysis & Elaboration Summary
  3. Parallel Compilation
  4. Parameter Settings for User Entity Instance: PC:u_PC
  5. Parameter Settings for User Entity Instance: IMEM_FILE:u_IMEM
  6. Parameter Settings for User Entity Instance: mux2to1:u_mux2to1
  7. Parameter Settings for User Entity Instance: mux2to1:u_mux2to1_alu_dmem
  8. Parameter Settings for User Entity Instance: REG:u_REG
  9. Parameter Settings for User Entity Instance: DMEM:u_DMEM
 10. Analysis & Elaboration Settings
 11. Port Connectivity Checks: "Imm_ext:u_Imm_ext"
 12. Port Connectivity Checks: "PC:u_PC"
 13. Analysis & Elaboration Messages



----------------
; Legal Notice ;
----------------
Copyright (C) 2022  Intel Corporation. All rights reserved.
Your use of Intel Corporation's design tools, logic functions 
and other software and tools, and any partner logic 
functions, and any output files from any of the foregoing 
(including device programming or simulation files), and any 
associated documentation or information are expressly subject 
to the terms and conditions of the Intel Program License 
Subscription Agreement, the Intel Quartus Prime License Agreement,
the Intel FPGA IP License Agreement, or other applicable license
agreement, including, without limitation, that your use is for
the sole purpose of programming logic devices manufactured by
Intel and sold by Intel or its authorized distributors.  Please
refer to the applicable agreement for further details, at
https://fpgasoftware.intel.com/eula.



+--------------------------------------------------------------------------------+
; Analysis & Elaboration Summary                                                 ;
+-------------------------------+------------------------------------------------+
; Analysis & Elaboration Status ; Successful - Wed Nov 13 16:32:17 2024          ;
; Quartus Prime Version         ; 22.1std.0 Build 915 10/25/2022 SC Lite Edition ;
; Revision Name                 ; R_Archi                                        ;
; Top-level Entity Name         ; RISC_V_Processor                               ;
; Family                        ; Cyclone V                                      ;
; Logic utilization (in ALMs)   ; N/A until Partition Merge                      ;
; Total registers               ; N/A until Partition Merge                      ;
; Total pins                    ; N/A until Partition Merge                      ;
; Total virtual pins            ; N/A until Partition Merge                      ;
; Total block memory bits       ; N/A until Partition Merge                      ;
; Total PLLs                    ; N/A until Partition Merge                      ;
; Total DLLs                    ; N/A until Partition Merge                      ;
+-------------------------------+------------------------------------------------+


+------------------------------------------+
; Parallel Compilation                     ;
+----------------------------+-------------+
; Processors                 ; Number      ;
+----------------------------+-------------+
; Number detected on machine ; 8           ;
; Maximum allowed            ; 4           ;
;                            ;             ;
; Average used               ; 1.00        ;
; Maximum used               ; 1           ;
;                            ;             ;
; Usage by Processor         ; % Time Used ;
;     Processor 1            ; 100.0%      ;
+----------------------------+-------------+


+------------------------------------------------------+
; Parameter Settings for User Entity Instance: PC:u_PC ;
+----------------+-------+-----------------------------+
; Parameter Name ; Value ; Type                        ;
+----------------+-------+-----------------------------+
; n              ; 32    ; Signed Integer              ;
+----------------+-------+-----------------------------+
Note: In order to hide this table in the UI and the text report file, please set the "Show Parameter Settings in Synthesis Report" option in "Analysis and Synthesis Settings -> More Settings" to "Off".


+---------------------------------------------------------------+
; Parameter Settings for User Entity Instance: IMEM_FILE:u_IMEM ;
+----------------+-------------+--------------------------------+
; Parameter Name ; Value       ; Type                           ;
+----------------+-------------+--------------------------------+
; data_width     ; 32          ; Signed Integer                 ;
; addr_width     ; 8           ; Signed Integer                 ;
; mem_depth      ; 100         ; Signed Integer                 ;
; init_file      ; load_04.hex ; String                         ;
+----------------+-------------+--------------------------------+
Note: In order to hide this table in the UI and the text report file, please set the "Show Parameter Settings in Synthesis Report" option in "Analysis and Synthesis Settings -> More Settings" to "Off".


+----------------------------------------------------------------+
; Parameter Settings for User Entity Instance: mux2to1:u_mux2to1 ;
+----------------+-------+---------------------------------------+
; Parameter Name ; Value ; Type                                  ;
+----------------+-------+---------------------------------------+
; WIDTH          ; 32    ; Signed Integer                        ;
+----------------+-------+---------------------------------------+
Note: In order to hide this table in the UI and the text report file, please set the "Show Parameter Settings in Synthesis Report" option in "Analysis and Synthesis Settings -> More Settings" to "Off".


+-------------------------------------------------------------------------+
; Parameter Settings for User Entity Instance: mux2to1:u_mux2to1_alu_dmem ;
+----------------+-------+------------------------------------------------+
; Parameter Name ; Value ; Type                                           ;
+----------------+-------+------------------------------------------------+
; WIDTH          ; 32    ; Signed Integer                                 ;
+----------------+-------+------------------------------------------------+
Note: In order to hide this table in the UI and the text report file, please set the "Show Parameter Settings in Synthesis Report" option in "Analysis and Synthesis Settings -> More Settings" to "Off".


+--------------------------------------------------------+
; Parameter Settings for User Entity Instance: REG:u_REG ;
+----------------+-------+-------------------------------+
; Parameter Name ; Value ; Type                          ;
+----------------+-------+-------------------------------+
; N_REGISTERS    ; 32    ; Signed Integer                ;
; WIDTH          ; 32    ; Signed Integer                ;
+----------------+-------+-------------------------------+
Note: In order to hide this table in the UI and the text report file, please set the "Show Parameter Settings in Synthesis Report" option in "Analysis and Synthesis Settings -> More Settings" to "Off".


+----------------------------------------------------------+
; Parameter Settings for User Entity Instance: DMEM:u_DMEM ;
+----------------+-------+---------------------------------+
; Parameter Name ; Value ; Type                            ;
+----------------+-------+---------------------------------+
; data_width     ; 32    ; Signed Integer                  ;
; addr_width     ; 3     ; Signed Integer                  ;
+----------------+-------+---------------------------------+
Note: In order to hide this table in the UI and the text report file, please set the "Show Parameter Settings in Synthesis Report" option in "Analysis and Synthesis Settings -> More Settings" to "Off".


+---------------------------------------------------------------------------------------------------------------------------+
; Analysis & Elaboration Settings                                                                                           ;
+---------------------------------------------------------------------------------+--------------------+--------------------+
; Option                                                                          ; Setting            ; Default Value      ;
+---------------------------------------------------------------------------------+--------------------+--------------------+
; Device                                                                          ; 5CGXFC7C7F23C8     ;                    ;
; Top-level entity name                                                           ; RISC_V_Processor   ; R_Archi            ;
; Family name                                                                     ; Cyclone V          ; Cyclone V          ;
; Use smart compilation                                                           ; Off                ; Off                ;
; Enable parallel Assembler and Timing Analyzer during compilation                ; On                 ; On                 ;
; Enable compact report table                                                     ; Off                ; Off                ;
; Restructure Multiplexers                                                        ; Auto               ; Auto               ;
; MLAB Add Timing Constraints For Mixed-Port Feed-Through Mode Setting Don't Care ; Off                ; Off                ;
; Create Debugging Nodes for IP Cores                                             ; Off                ; Off                ;
; Preserve fewer node names                                                       ; On                 ; On                 ;
; Intel FPGA IP Evaluation Mode                                                   ; Enable             ; Enable             ;
; Verilog Version                                                                 ; Verilog_2001       ; Verilog_2001       ;
; VHDL Version                                                                    ; VHDL_1993          ; VHDL_1993          ;
; State Machine Processing                                                        ; Auto               ; Auto               ;
; Safe State Machine                                                              ; Off                ; Off                ;
; Extract Verilog State Machines                                                  ; On                 ; On                 ;
; Extract VHDL State Machines                                                     ; On                 ; On                 ;
; Ignore Verilog initial constructs                                               ; Off                ; Off                ;
; Iteration limit for constant Verilog loops                                      ; 5000               ; 5000               ;
; Iteration limit for non-constant Verilog loops                                  ; 250                ; 250                ;
; Add Pass-Through Logic to Inferred RAMs                                         ; On                 ; On                 ;
; Infer RAMs from Raw Logic                                                       ; On                 ; On                 ;
; Parallel Synthesis                                                              ; On                 ; On                 ;
; DSP Block Balancing                                                             ; Auto               ; Auto               ;
; NOT Gate Push-Back                                                              ; On                 ; On                 ;
; Power-Up Don't Care                                                             ; On                 ; On                 ;
; Remove Redundant Logic Cells                                                    ; Off                ; Off                ;
; Remove Duplicate Registers                                                      ; On                 ; On                 ;
; Ignore CARRY Buffers                                                            ; Off                ; Off                ;
; Ignore CASCADE Buffers                                                          ; Off                ; Off                ;
; Ignore GLOBAL Buffers                                                           ; Off                ; Off                ;
; Ignore ROW GLOBAL Buffers                                                       ; Off                ; Off                ;
; Ignore LCELL Buffers                                                            ; Off                ; Off                ;
; Ignore SOFT Buffers                                                             ; On                 ; On                 ;
; Limit AHDL Integers to 32 Bits                                                  ; Off                ; Off                ;
; Optimization Technique                                                          ; Balanced           ; Balanced           ;
; Carry Chain Length                                                              ; 70                 ; 70                 ;
; Auto Carry Chains                                                               ; On                 ; On                 ;
; Auto Open-Drain Pins                                                            ; On                 ; On                 ;
; Perform WYSIWYG Primitive Resynthesis                                           ; Off                ; Off                ;
; Auto ROM Replacement                                                            ; On                 ; On                 ;
; Auto RAM Replacement                                                            ; On                 ; On                 ;
; Auto DSP Block Replacement                                                      ; On                 ; On                 ;
; Auto Shift Register Replacement                                                 ; Auto               ; Auto               ;
; Allow Shift Register Merging across Hierarchies                                 ; Auto               ; Auto               ;
; Auto Clock Enable Replacement                                                   ; On                 ; On                 ;
; Strict RAM Replacement                                                          ; Off                ; Off                ;
; Allow Synchronous Control Signals                                               ; On                 ; On                 ;
; Force Use of Synchronous Clear Signals                                          ; Off                ; Off                ;
; Auto Resource Sharing                                                           ; Off                ; Off                ;
; Allow Any RAM Size For Recognition                                              ; Off                ; Off                ;
; Allow Any ROM Size For Recognition                                              ; Off                ; Off                ;
; Allow Any Shift Register Size For Recognition                                   ; Off                ; Off                ;
; Use LogicLock Constraints during Resource Balancing                             ; On                 ; On                 ;
; Ignore translate_off and synthesis_off directives                               ; Off                ; Off                ;
; Timing-Driven Synthesis                                                         ; On                 ; On                 ;
; Report Parameter Settings                                                       ; On                 ; On                 ;
; Report Source Assignments                                                       ; On                 ; On                 ;
; Report Connectivity Checks                                                      ; On                 ; On                 ;
; Ignore Maximum Fan-Out Assignments                                              ; Off                ; Off                ;
; Synchronization Register Chain Length                                           ; 3                  ; 3                  ;
; Power Optimization During Synthesis                                             ; Normal compilation ; Normal compilation ;
; HDL message level                                                               ; Level2             ; Level2             ;
; Suppress Register Optimization Related Messages                                 ; Off                ; Off                ;
; Number of Removed Registers Reported in Synthesis Report                        ; 5000               ; 5000               ;
; Number of Swept Nodes Reported in Synthesis Report                              ; 5000               ; 5000               ;
; Number of Inverted Registers Reported in Synthesis Report                       ; 100                ; 100                ;
; Clock MUX Protection                                                            ; On                 ; On                 ;
; Auto Gated Clock Conversion                                                     ; Off                ; Off                ;
; Block Design Naming                                                             ; Auto               ; Auto               ;
; SDC constraint protection                                                       ; Off                ; Off                ;
; Synthesis Effort                                                                ; Auto               ; Auto               ;
; Shift Register Replacement - Allow Asynchronous Clear Signal                    ; On                 ; On                 ;
; Pre-Mapping Resynthesis Optimization                                            ; Off                ; Off                ;
; Analysis & Synthesis Message Level                                              ; Medium             ; Medium             ;
; Disable Register Merging Across Hierarchies                                     ; Auto               ; Auto               ;
; Resource Aware Inference For Block RAM                                          ; On                 ; On                 ;
; Automatic Parallel Synthesis                                                    ; On                 ; On                 ;
; Partial Reconfiguration Bitstream ID                                            ; Off                ; Off                ;
+---------------------------------------------------------------------------------+--------------------+--------------------+


+-----------------------------------------------+
; Port Connectivity Checks: "Imm_ext:u_Imm_ext" ;
+----------+-------+----------+-----------------+
; Port     ; Type  ; Severity ; Details         ;
+----------+-------+----------+-----------------+
; insttype ; Input ; Info     ; Stuck at GND    ;
+----------+-------+----------+-----------------+


+------------------------------------------------+
; Port Connectivity Checks: "PC:u_PC"            ;
+--------------+-------+----------+--------------+
; Port         ; Type  ; Severity ; Details      ;
+--------------+-------+----------+--------------+
; write_enable ; Input ; Info     ; Stuck at VCC ;
; data_in      ; Input ; Info     ; Stuck at GND ;
+--------------+-------+----------+--------------+


+---------------------------------+
; Analysis & Elaboration Messages ;
+---------------------------------+
Info: *******************************************************************
Info: Running Quartus Prime Analysis & Elaboration
    Info: Version 22.1std.0 Build 915 10/25/2022 SC Lite Edition
    Info: Processing started: Wed Nov 13 16:32:05 2024
Info: Command: quartus_map --read_settings_files=on --write_settings_files=off R_Archi -c R_Archi --analysis_and_elaboration
Warning (18236): Number of processors has not been specified which may cause overloading on shared machines.  Set the global assignment NUM_PARALLEL_PROCESSORS in your QSF to an appropriate value for best performance.
Info (20030): Parallel compilation is enabled and will use 4 of the 4 processors detected
Info (12021): Found 2 design units, including 1 entities, in source file decodeur.vhd
    Info (12022): Found design unit 1: decodeur-Behavioral File: C:/Users/germa/OneDrive/Documents/Documents/TELECOM NANCY/3A/CDSP/TP/RISC-V-Processor/Rstruction/ARCHI/decodeur.vhd Line: 18
    Info (12023): Found entity 1: decodeur File: C:/Users/germa/OneDrive/Documents/Documents/TELECOM NANCY/3A/CDSP/TP/RISC-V-Processor/Rstruction/ARCHI/decodeur.vhd Line: 5
Info (12021): Found 2 design units, including 1 entities, in source file tb_decodeur.vhd
    Info (12022): Found design unit 1: tb_decodeur-test File: C:/Users/germa/OneDrive/Documents/Documents/TELECOM NANCY/3A/CDSP/TP/RISC-V-Processor/Rstruction/ARCHI/tb_decodeur.vhd Line: 8
    Info (12023): Found entity 1: tb_decodeur File: C:/Users/germa/OneDrive/Documents/Documents/TELECOM NANCY/3A/CDSP/TP/RISC-V-Processor/Rstruction/ARCHI/tb_decodeur.vhd Line: 5
Info (12021): Found 2 design units, including 1 entities, in source file alu.vhd
    Info (12022): Found design unit 1: ALU-Behavioral File: C:/Users/germa/OneDrive/Documents/Documents/TELECOM NANCY/3A/CDSP/TP/RISC-V-Processor/Rstruction/ARCHI/ALU.vhd Line: 14
    Info (12023): Found entity 1: ALU File: C:/Users/germa/OneDrive/Documents/Documents/TELECOM NANCY/3A/CDSP/TP/RISC-V-Processor/Rstruction/ARCHI/ALU.vhd Line: 5
Info (12021): Found 2 design units, including 1 entities, in source file tb_alu.vhd
    Info (12022): Found design unit 1: tb_ALU-Behavioral File: C:/Users/germa/OneDrive/Documents/Documents/TELECOM NANCY/3A/CDSP/TP/RISC-V-Processor/Rstruction/ARCHI/tb_ALU.vhd Line: 8
    Info (12023): Found entity 1: tb_ALU File: C:/Users/germa/OneDrive/Documents/Documents/TELECOM NANCY/3A/CDSP/TP/RISC-V-Processor/Rstruction/ARCHI/tb_ALU.vhd Line: 5
Info (12021): Found 2 design units, including 1 entities, in source file dmem.vhd
    Info (12022): Found design unit 1: DMEM-behav File: C:/Users/germa/OneDrive/Documents/Documents/TELECOM NANCY/3A/CDSP/TP/RISC-V-Processor/Rstruction/ARCHI/DMEM.vhd Line: 21
    Info (12023): Found entity 1: DMEM File: C:/Users/germa/OneDrive/Documents/Documents/TELECOM NANCY/3A/CDSP/TP/RISC-V-Processor/Rstruction/ARCHI/DMEM.vhd Line: 5
Info (12021): Found 2 design units, including 1 entities, in source file single_port_ram_with_init.vhd
    Info (12022): Found design unit 1: single_port_ram_with_init-rtl File: C:/Users/germa/OneDrive/Documents/Documents/TELECOM NANCY/3A/CDSP/TP/RISC-V-Processor/Rstruction/ARCHI/single_port_ram_with_init.vhd Line: 27
    Info (12023): Found entity 1: single_port_ram_with_init File: C:/Users/germa/OneDrive/Documents/Documents/TELECOM NANCY/3A/CDSP/TP/RISC-V-Processor/Rstruction/ARCHI/single_port_ram_with_init.vhd Line: 8
Info (12021): Found 2 design units, including 1 entities, in source file tb_dmem.vhd
    Info (12022): Found design unit 1: tb_DMEM-behav File: C:/Users/germa/OneDrive/Documents/Documents/TELECOM NANCY/3A/CDSP/TP/RISC-V-Processor/Rstruction/ARCHI/tb_DMEM.vhd Line: 8
    Info (12023): Found entity 1: tb_DMEM File: C:/Users/germa/OneDrive/Documents/Documents/TELECOM NANCY/3A/CDSP/TP/RISC-V-Processor/Rstruction/ARCHI/tb_DMEM.vhd Line: 5
Info (12021): Found 2 design units, including 1 entities, in source file imem.vhd
    Info (12022): Found design unit 1: IMEM-rtl File: C:/Users/germa/OneDrive/Documents/Documents/TELECOM NANCY/3A/CDSP/TP/RISC-V-Processor/Rstruction/ARCHI/IMEM.vhd Line: 19
    Info (12023): Found entity 1: IMEM File: C:/Users/germa/OneDrive/Documents/Documents/TELECOM NANCY/3A/CDSP/TP/RISC-V-Processor/Rstruction/ARCHI/IMEM.vhd Line: 5
Info (12021): Found 2 design units, including 1 entities, in source file tb_imem.vhd
    Info (12022): Found design unit 1: tb_IMEM-behav File: C:/Users/germa/OneDrive/Documents/Documents/TELECOM NANCY/3A/CDSP/TP/RISC-V-Processor/Rstruction/ARCHI/tb_IMEM.vhd Line: 8
    Info (12023): Found entity 1: tb_IMEM File: C:/Users/germa/OneDrive/Documents/Documents/TELECOM NANCY/3A/CDSP/TP/RISC-V-Processor/Rstruction/ARCHI/tb_IMEM.vhd Line: 5
Info (12021): Found 2 design units, including 1 entities, in source file pc.vhd
    Info (12022): Found design unit 1: PC-Behavioral File: C:/Users/germa/OneDrive/Documents/Documents/TELECOM NANCY/3A/CDSP/TP/RISC-V-Processor/Rstruction/ARCHI/PC.vhd Line: 19
    Info (12023): Found entity 1: PC File: C:/Users/germa/OneDrive/Documents/Documents/TELECOM NANCY/3A/CDSP/TP/RISC-V-Processor/Rstruction/ARCHI/PC.vhd Line: 5
Info (12021): Found 2 design units, including 1 entities, in source file tb_pc.vhd
    Info (12022): Found design unit 1: tb_PC-test File: C:/Users/germa/OneDrive/Documents/Documents/TELECOM NANCY/3A/CDSP/TP/RISC-V-Processor/Rstruction/ARCHI/tb_PC.vhd Line: 7
    Info (12023): Found entity 1: tb_PC File: C:/Users/germa/OneDrive/Documents/Documents/TELECOM NANCY/3A/CDSP/TP/RISC-V-Processor/Rstruction/ARCHI/tb_PC.vhd Line: 4
Info (12021): Found 2 design units, including 1 entities, in source file reg.vhd
    Info (12022): Found design unit 1: REG-Behavioral File: C:/Users/germa/OneDrive/Documents/Documents/TELECOM NANCY/3A/CDSP/TP/RISC-V-Processor/Rstruction/ARCHI/REG.vhd Line: 24
    Info (12023): Found entity 1: REG File: C:/Users/germa/OneDrive/Documents/Documents/TELECOM NANCY/3A/CDSP/TP/RISC-V-Processor/Rstruction/ARCHI/REG.vhd Line: 5
Info (12021): Found 2 design units, including 1 entities, in source file tb_reg.vhd
    Info (12022): Found design unit 1: tb_REG-behav File: C:/Users/germa/OneDrive/Documents/Documents/TELECOM NANCY/3A/CDSP/TP/RISC-V-Processor/Rstruction/ARCHI/tb_REG.vhd Line: 8
    Info (12023): Found entity 1: tb_REG File: C:/Users/germa/OneDrive/Documents/Documents/TELECOM NANCY/3A/CDSP/TP/RISC-V-Processor/Rstruction/ARCHI/tb_REG.vhd Line: 5
Info (12021): Found 2 design units, including 1 entities, in source file imem_file.vhd
    Info (12022): Found design unit 1: IMEM_FILE-behav File: C:/Users/germa/OneDrive/Documents/Documents/TELECOM NANCY/3A/CDSP/TP/RISC-V-Processor/Rstruction/ARCHI/IMEM_FILE.vhd Line: 21
    Info (12023): Found entity 1: IMEM_FILE File: C:/Users/germa/OneDrive/Documents/Documents/TELECOM NANCY/3A/CDSP/TP/RISC-V-Processor/Rstruction/ARCHI/IMEM_FILE.vhd Line: 6
Info (12021): Found 2 design units, including 1 entities, in source file tb_imem_file.vhd
    Info (12022): Found design unit 1: tb_IMEM_FILE-Behavioral File: C:/Users/germa/OneDrive/Documents/Documents/TELECOM NANCY/3A/CDSP/TP/RISC-V-Processor/Rstruction/ARCHI/tb_IMEM_FILE.vhd Line: 8
    Info (12023): Found entity 1: tb_IMEM_FILE File: C:/Users/germa/OneDrive/Documents/Documents/TELECOM NANCY/3A/CDSP/TP/RISC-V-Processor/Rstruction/ARCHI/tb_IMEM_FILE.vhd Line: 5
Info (12021): Found 2 design units, including 1 entities, in source file risc_v_processor.vhd
    Info (12022): Found design unit 1: RISC_V_Processor-Behavioral File: C:/Users/germa/OneDrive/Documents/Documents/TELECOM NANCY/3A/CDSP/TP/RISC-V-Processor/Rstruction/ARCHI/RISC_V_Processor.vhd Line: 27
    Info (12023): Found entity 1: RISC_V_Processor File: C:/Users/germa/OneDrive/Documents/Documents/TELECOM NANCY/3A/CDSP/TP/RISC-V-Processor/Rstruction/ARCHI/RISC_V_Processor.vhd Line: 5
Info (12021): Found 2 design units, including 1 entities, in source file risc_v_processor_tb.vhd
    Info (12022): Found design unit 1: RISC_V_Processor_tb-Behavioral File: C:/Users/germa/OneDrive/Documents/Documents/TELECOM NANCY/3A/CDSP/TP/RISC-V-Processor/Rstruction/ARCHI/RISC_V_Processor_tb.vhd Line: 8
    Info (12023): Found entity 1: RISC_V_Processor_tb File: C:/Users/germa/OneDrive/Documents/Documents/TELECOM NANCY/3A/CDSP/TP/RISC-V-Processor/Rstruction/ARCHI/RISC_V_Processor_tb.vhd Line: 5
Info (12021): Found 2 design units, including 1 entities, in source file risc_v_processor_simplified_tb.vhd
    Info (12022): Found design unit 1: RISC_V_Processor_simplified_tb-Behavioral File: C:/Users/germa/OneDrive/Documents/Documents/TELECOM NANCY/3A/CDSP/TP/RISC-V-Processor/Rstruction/ARCHI/RISC_V_Processor_simplified_tb.vhd Line: 8
    Info (12023): Found entity 1: RISC_V_Processor_simplified_tb File: C:/Users/germa/OneDrive/Documents/Documents/TELECOM NANCY/3A/CDSP/TP/RISC-V-Processor/Rstruction/ARCHI/RISC_V_Processor_simplified_tb.vhd Line: 5
Info (12021): Found 2 design units, including 1 entities, in source file imm_ext.vhd
    Info (12022): Found design unit 1: Imm_ext-Behavioral File: C:/Users/germa/OneDrive/Documents/Documents/TELECOM NANCY/3A/CDSP/TP/RISC-V-Processor/Rstruction/ARCHI/Imm_ext.vhd Line: 13
    Info (12023): Found entity 1: Imm_ext File: C:/Users/germa/OneDrive/Documents/Documents/TELECOM NANCY/3A/CDSP/TP/RISC-V-Processor/Rstruction/ARCHI/Imm_ext.vhd Line: 5
Info (12021): Found 2 design units, including 1 entities, in source file tb_imm_ext.vhd
    Info (12022): Found design unit 1: tb_Imm_ext-Behavioral File: C:/Users/germa/OneDrive/Documents/Documents/TELECOM NANCY/3A/CDSP/TP/RISC-V-Processor/Rstruction/ARCHI/tb_Imm_ext.vhd Line: 8
    Info (12023): Found entity 1: tb_Imm_ext File: C:/Users/germa/OneDrive/Documents/Documents/TELECOM NANCY/3A/CDSP/TP/RISC-V-Processor/Rstruction/ARCHI/tb_Imm_ext.vhd Line: 5
Info (12021): Found 2 design units, including 1 entities, in source file mux2to1.vhd
    Info (12022): Found design unit 1: mux2to1-Behavioral File: C:/Users/germa/OneDrive/Documents/Documents/TELECOM NANCY/3A/CDSP/TP/RISC-V-Processor/Rstruction/ARCHI/mux2to1.vhd Line: 16
    Info (12023): Found entity 1: mux2to1 File: C:/Users/germa/OneDrive/Documents/Documents/TELECOM NANCY/3A/CDSP/TP/RISC-V-Processor/Rstruction/ARCHI/mux2to1.vhd Line: 4
Info (12021): Found 2 design units, including 1 entities, in source file lm.vhd
    Info (12022): Found design unit 1: LM-Behavioral File: C:/Users/germa/OneDrive/Documents/Documents/TELECOM NANCY/3A/CDSP/TP/RISC-V-Processor/Rstruction/ARCHI/LM.vhd Line: 16
    Info (12023): Found entity 1: LM File: C:/Users/germa/OneDrive/Documents/Documents/TELECOM NANCY/3A/CDSP/TP/RISC-V-Processor/Rstruction/ARCHI/LM.vhd Line: 6
Info (12021): Found 2 design units, including 1 entities, in source file tb_lm.vhd
    Info (12022): Found design unit 1: tb_LM-Behavioral File: C:/Users/germa/OneDrive/Documents/Documents/TELECOM NANCY/3A/CDSP/TP/RISC-V-Processor/Rstruction/ARCHI/tb_LM.vhd Line: 8
    Info (12023): Found entity 1: tb_LM File: C:/Users/germa/OneDrive/Documents/Documents/TELECOM NANCY/3A/CDSP/TP/RISC-V-Processor/Rstruction/ARCHI/tb_LM.vhd Line: 5
Info (12127): Elaborating entity "RISC_V_Processor" for the top level hierarchy
Warning (10541): VHDL Signal Declaration warning at RISC_V_Processor.vhd(16): used implicit default value for signal "instr_out" because signal was never assigned a value or an explicit default value. Use of implicit default value may introduce unintended design optimizations. File: C:/Users/germa/OneDrive/Documents/Documents/TELECOM NANCY/3A/CDSP/TP/RISC-V-Processor/Rstruction/ARCHI/RISC_V_Processor.vhd Line: 16
Warning (10541): VHDL Signal Declaration warning at RISC_V_Processor.vhd(17): used implicit default value for signal "aluOp" because signal was never assigned a value or an explicit default value. Use of implicit default value may introduce unintended design optimizations. File: C:/Users/germa/OneDrive/Documents/Documents/TELECOM NANCY/3A/CDSP/TP/RISC-V-Processor/Rstruction/ARCHI/RISC_V_Processor.vhd Line: 17
Warning (10541): VHDL Signal Declaration warning at RISC_V_Processor.vhd(18): used implicit default value for signal "write_enable" because signal was never assigned a value or an explicit default value. Use of implicit default value may introduce unintended design optimizations. File: C:/Users/germa/OneDrive/Documents/Documents/TELECOM NANCY/3A/CDSP/TP/RISC-V-Processor/Rstruction/ARCHI/RISC_V_Processor.vhd Line: 18
Warning (10541): VHDL Signal Declaration warning at RISC_V_Processor.vhd(19): used implicit default value for signal "load_pc" because signal was never assigned a value or an explicit default value. Use of implicit default value may introduce unintended design optimizations. File: C:/Users/germa/OneDrive/Documents/Documents/TELECOM NANCY/3A/CDSP/TP/RISC-V-Processor/Rstruction/ARCHI/RISC_V_Processor.vhd Line: 19
Info (12128): Elaborating entity "PC" for hierarchy "PC:u_PC" File: C:/Users/germa/OneDrive/Documents/Documents/TELECOM NANCY/3A/CDSP/TP/RISC-V-Processor/Rstruction/ARCHI/RISC_V_Processor.vhd Line: 175
Info (12128): Elaborating entity "IMEM_FILE" for hierarchy "IMEM_FILE:u_IMEM" File: C:/Users/germa/OneDrive/Documents/Documents/TELECOM NANCY/3A/CDSP/TP/RISC-V-Processor/Rstruction/ARCHI/RISC_V_Processor.vhd Line: 186
Info (12128): Elaborating entity "decodeur" for hierarchy "decodeur:u_decodeur" File: C:/Users/germa/OneDrive/Documents/Documents/TELECOM NANCY/3A/CDSP/TP/RISC-V-Processor/Rstruction/ARCHI/RISC_V_Processor.vhd Line: 193
Info (12128): Elaborating entity "Imm_ext" for hierarchy "Imm_ext:u_Imm_ext" File: C:/Users/germa/OneDrive/Documents/Documents/TELECOM NANCY/3A/CDSP/TP/RISC-V-Processor/Rstruction/ARCHI/RISC_V_Processor.vhd Line: 206
Info (12128): Elaborating entity "mux2to1" for hierarchy "mux2to1:u_mux2to1" File: C:/Users/germa/OneDrive/Documents/Documents/TELECOM NANCY/3A/CDSP/TP/RISC-V-Processor/Rstruction/ARCHI/RISC_V_Processor.vhd Line: 214
Info (12128): Elaborating entity "ALU" for hierarchy "ALU:u_ALU" File: C:/Users/germa/OneDrive/Documents/Documents/TELECOM NANCY/3A/CDSP/TP/RISC-V-Processor/Rstruction/ARCHI/RISC_V_Processor.vhd Line: 223
Info (12128): Elaborating entity "REG" for hierarchy "REG:u_REG" File: C:/Users/germa/OneDrive/Documents/Documents/TELECOM NANCY/3A/CDSP/TP/RISC-V-Processor/Rstruction/ARCHI/RISC_V_Processor.vhd Line: 241
Info (12128): Elaborating entity "DMEM" for hierarchy "DMEM:u_DMEM" File: C:/Users/germa/OneDrive/Documents/Documents/TELECOM NANCY/3A/CDSP/TP/RISC-V-Processor/Rstruction/ARCHI/RISC_V_Processor.vhd Line: 254
Info (12128): Elaborating entity "LM" for hierarchy "LM:u_LM" File: C:/Users/germa/OneDrive/Documents/Documents/TELECOM NANCY/3A/CDSP/TP/RISC-V-Processor/Rstruction/ARCHI/RISC_V_Processor.vhd Line: 268
Info: Quartus Prime Analysis & Elaboration was successful. 0 errors, 5 warnings
    Info: Peak virtual memory: 4857 megabytes
    Info: Processing ended: Wed Nov 13 16:32:17 2024
    Info: Elapsed time: 00:00:12
    Info: Total CPU time (on all processors): 00:00:11


